  imgui.cpp
  imgui_demo.cpp
  imgui_draw.cpp
  imgui_impl_dx12.cpp
  imgui_impl_win32.cpp
  imgui_tables.cpp
  imgui_widgets.cpp
  Matrix.cpp
  Screen.cpp
  Vector.cpp
  main.cpp
C:\Users\81807\source\repos\CG2_DirectX\x64\Release\Project\main.cpp(1225,67): warning C4244: '引数': 'float' から 'ImGuiColorEditFlags' への変換です。データが失われる可能性があります。
C:\Users\81807\source\repos\CG2_DirectX\x64\Release\Project\main.cpp(1229,69): warning C4244: '引数': 'float' から 'ImGuiColorEditFlags' への変換です。データが失われる可能性があります。
C:\Program Files\Microsoft Visual Studio\2022\Community\VC\Tools\MSVC\14.44.35207\include\xutility(4813,18): warning C4244: '=': 'wchar_t' から 'char' への変換です。データが失われる可能性があります。
  (ソース ファイル 'main.cpp' をコンパイルしています)
      C:\Program Files\Microsoft Visual Studio\2022\Community\VC\Tools\MSVC\14.44.35207\include\xutility(4813,18):
      テンプレートインスタンス化コンテキスト (最初に最も古いもの) は
          C:\Users\81807\source\repos\CG2_DirectX\x64\Release\Project\main.cpp(499,20):
          コンパイル対象の関数 テンプレート インスタンス化 'std::basic_string<char,std::char_traits<char>,std::allocator<char>>::basic_string<std::_String_iterator<std::_String_val<std::_Simple_types<_Elem>>>,0>(_Iter,_Iter,const _Alloc &)' のリファレンスを確認してください
          with
          [
              _Elem=wchar_t,
              _Iter=std::_String_iterator<std::_String_val<std::_Simple_types<wchar_t>>>,
              _Alloc=std::allocator<char>
          ]
              C:\Users\81807\source\repos\CG2_DirectX\x64\Release\Project\main.cpp(499,20):
              'WinMain' の 'std::basic_string<char,std::char_traits<char>,std::allocator<char>>::basic_string' への最初の参照を参照してください
          C:\Program Files\Microsoft Visual Studio\2022\Community\VC\Tools\MSVC\14.44.35207\include\xstring(812,17):
          コンパイル対象の関数 テンプレート インスタンス化 'void std::basic_string<char,std::char_traits<char>,std::allocator<char>>::_Construct_from_iter<wchar_t*,wchar_t*,_Size_type>(_Iter,const _Sent,_Size)' のリファレンスを確認してください
          with
          [
              _Size_type=unsigned __int64,
              _Iter=wchar_t *,
              _Sent=wchar_t *,
              _Size=unsigned __int64
          ]
          C:\Program Files\Microsoft Visual Studio\2022\Community\VC\Tools\MSVC\14.44.35207\include\xstring(968,18):
          コンパイル対象の関数 テンプレート インスタンス化 '_OutIt *std::_Copy_n_unchecked4<wchar_t*,_Size,char*>(_InIt,_SizeTy,_OutIt)' のリファレンスを確認してください
          with
          [
              _OutIt=char *,
              _Size=unsigned __int64,
              _InIt=wchar_t *,
              _SizeTy=unsigned __int64
          ]
  
  main.obj : MSIL .netmodule または /GL を伴ってコンパイルされたモジュールが見つかりました。/LTCG を使用して再開始してください。リンカーのパフォーマンスを向上させるためには、コマンドラインに /LTCG を追加してください。
  コード生成しています。
  コード生成が終了しました。
  CG2_DirectX.vcxproj -> C:\Users\81807\source\repos\CG2_DirectX\x64\Release\Project\x64\Development\CG2_DirectX.exe
          1 個のファイルをコピーしました。
          1 個のファイルをコピーしました。
